
synthesis -f "MachXO2_blinky_impl1_lattice.synproj"
synthesis:  version Diamond Version 3.9.0.99.2

Copyright (c) 1991-1994 by NeoCAD Inc. All rights reserved.
Copyright (c) 1995 AT&T Corp.   All rights reserved.
Copyright (c) 1995-2001 Lucent Technologies Inc.  All rights reserved.
Copyright (c) 2001 Agere Systems   All rights reserved.
Copyright (c) 2002-2017 Lattice Semiconductor Corporation,  All rights reserved.
Thu Jun 22 17:51:40 2017


Command Line:  synthesis -f MachXO2_blinky_impl1_lattice.synproj -gui -msgset Z:/GitHub/PrototypeForLattice/MachXO2_blinky/promote.xml 

    <postMsg mid="35002000" type="Info"    dynamic="0" navigation="0"  />
Synthesis options:
The -a option is MachXO2.
The -s option is 4.
The -t option is TQFP100.
The -d option is LCMXO2-256HC.
Using package TQFP100.
Using performance grade 4.
                                                          

##########################################################

### Lattice Family : MachXO2

### Device  : LCMXO2-256HC

### Package : TQFP100

### Speed   : 4

##########################################################

                                                          

    <postMsg mid="35001781" type="Info"    dynamic="0" navigation="0"  />
Optimization goal = Balanced
Top-level module name = blinky.
Target frequency = 1.000000 MHz.
Maximum fanout = 1000.
Timing path count = 3
BRAM utilization = 100.000000 %
DSP usage = true
DSP utilization = 100.000000 %
fsm_encoding_style = auto
resolve_mixed_drivers = 0
fix_gated_clocks = 1

Mux style = Auto
Use Carry Chain = true
carry_chain_length = 0
Loop Limit = 1950.
Use IO Insertion = TRUE
Use IO Reg = AUTO

Resource Sharing = TRUE
Propagate Constants = TRUE
Remove Duplicate Registers = TRUE
force_gsr = auto
ROM style = auto
RAM style = auto
The -comp option is FALSE.
The -syn option is FALSE.
-p Z:/GitHub/PrototypeForLattice/MachXO2_blinky (searchpath added)
-p C:/lscc/diamond/3.9/ispfpga/xo2c00/data (searchpath added)
-p Z:/GitHub/PrototypeForLattice/MachXO2_blinky/impl1 (searchpath added)
-p Z:/GitHub/PrototypeForLattice/MachXO2_blinky (searchpath added)
Verilog design file = Z:/GitHub/PrototypeForLattice/MachXO2_blinky/blinky.v
NGD file = MachXO2_blinky_impl1.ngd
-sdc option: SDC file input not used.
-lpf option: Output file option is ON.
Hardtimer checking is enabled (default). The -dt option is not used.
The -r option is OFF. [ Remove LOC Properties is OFF. ]
Technology check ok...

Analyzing Verilog file C:/lscc/diamond/3.9/ispfpga/userware/NT/SYNTHESIS_HEADERS/machxo2.v. VERI-1482
Compile design.
Compile Design Begin
Analyzing Verilog file z:/github/prototypeforlattice/machxo2_blinky/blinky.v. VERI-1482
Analyzing Verilog file C:/lscc/diamond/3.9/ispfpga/userware/NT/SYNTHESIS_HEADERS/machxo2.v. VERI-1482
Top module name (Verilog): blinky
    <postMsg mid="35901018" type="Info"    dynamic="2" navigation="2" arg0="z:/github/prototypeforlattice/machxo2_blinky/blinky.v(1): " arg1="blinky" arg2="z:/github/prototypeforlattice/machxo2_blinky/blinky.v" arg3="1"  />
    <postMsg mid="35901018" type="Info"    dynamic="2" navigation="2" arg0="C:/lscc/diamond/3.9/ispfpga/userware/NT/SYNTHESIS_HEADERS/machxo2.v(1793): " arg1="OSCH(NOM_FREQ=&quot;133.00&quot;)" arg2="C:/lscc/diamond/3.9/ispfpga/userware/NT/SYNTHESIS_HEADERS/machxo2.v" arg3="1793"  />
Last elaborated design is blinky()
Loading NGL library 'C:/lscc/diamond/3.9/ispfpga/xo2c00/data/xo2clib.ngl'...
Loading NGL library 'C:/lscc/diamond/3.9/ispfpga/mg5g00/data/mg5glib.ngl'...
Loading NGL library 'C:/lscc/diamond/3.9/ispfpga/or5g00/data/orc5glib.ngl'...
Loading device for application map from file 'xo2c256.nph' in environment: C:/lscc/diamond/3.9/ispfpga.
Package Status:                     Final          Version 1.41.
Top-level module name = blinky.



GSR will not be inferred because no asynchronous signal was found in the netlist.
Applying 1.000000 MHz constraint to all clocks

    <postMsg mid="35001611" type="Warning" dynamic="0" navigation="0"  />
Results of NGD DRC are available in blinky_drc.log.
Loading NGL library 'C:/lscc/diamond/3.9/ispfpga/xo2c00/data/xo2clib.ngl'...
Loading NGL library 'C:/lscc/diamond/3.9/ispfpga/mg5g00/data/mg5glib.ngl'...
Loading NGL library 'C:/lscc/diamond/3.9/ispfpga/or5g00/data/orc5glib.ngl'...


Running DRC...

DRC complete with no errors or warnings

Design Results:
     57 blocks expanded
completed the first expansion
All blocks are expanded and NGD expansion is successful.
Writing NGD file MachXO2_blinky_impl1.ngd.

################### Begin Area Report (blinky)######################
Number of register bits => 28 of 424 (6 % )
CCU2D => 15
FD1S3IX => 28
GSR => 1
LUT4 => 5
OB => 4
OSCH => 1
################### End Area Report ##################

################### Begin BlackBox Report ######################
TSALL => 1
################### End BlackBox Report ##################

################### Begin Clock Report ######################
Clock Nets
Number of Clocks: 1
  Net : osc_clk, loads : 28
Clock Enable Nets
Number of Clock Enables: 0
Top 0 highest fanout Clock Enables:
Highest fanout non-clock nets
Top 10 highest fanout non-clock nets:
  Net : n193, loads : 28
  Net : count_27, loads : 6
  Net : count_26, loads : 6
  Net : count_25, loads : 2
  Net : count_24, loads : 2
  Net : LED_c_3, loads : 1
  Net : LED_c_2, loads : 1
  Net : LED_c_1, loads : 1
  Net : LED_c_0, loads : 1
  Net : n20, loads : 1
################### End Clock Report ##################

Timing Report Summary
--------------
--------------------------------------------------------------------------------
Constraint                              |   Constraint|       Actual|Levels
--------------------------------------------------------------------------------
                                        |             |             |
create_clock -period 1000.000000 -name  |             |             |
clk0 [get_nets osc_clk]                 |    1.000 MHz|  160.462 MHz|    16  
                                        |             |             |
--------------------------------------------------------------------------------


All constraints were met.


Peak Memory Usage: 34.227  MB

--------------------------------------------------------------
Elapsed CPU time for LSE flow : 0.469  secs
--------------------------------------------------------------

map -a "MachXO2" -p LCMXO2-256HC -t TQFP100 -s 4 -oc Commercial   "MachXO2_blinky_impl1.ngd" -o "MachXO2_blinky_impl1_map.ncd" -pr "MachXO2_blinky_impl1.prf" -mp "MachXO2_blinky_impl1.mrp" -lpf "Z:/GitHub/PrototypeForLattice/MachXO2_blinky/impl1/MachXO2_blinky_impl1.lpf" -lpf "Z:/GitHub/PrototypeForLattice/MachXO2_blinky/MachXO2_blinky.lpf" -c 0            
map:  version Diamond Version 3.9.0.99.2

Copyright (c) 1991-1994 by NeoCAD Inc. All rights reserved.
Copyright (c) 1995 AT&T Corp.   All rights reserved.
Copyright (c) 1995-2001 Lucent Technologies Inc.  All rights reserved.
Copyright (c) 2001 Agere Systems   All rights reserved.
Copyright (c) 2002-2017 Lattice Semiconductor Corporation,  All rights reserved.
   Process the file: MachXO2_blinky_impl1.ngd
   Picdevice="LCMXO2-256HC"

   Pictype="TQFP100"

   Picspeed=4

   Remove unused logic

   Do not produce over sized NCDs.

Part used: LCMXO2-256HCTQFP100, Performance used: 4.

Loading device for application map from file 'xo2c256.nph' in environment: C:/lscc/diamond/3.9/ispfpga.
Package Status:                     Final          Version 1.41.

Running general design DRC...

Removing unused logic...

Optimizing...




Design Summary:
   Number of registers:     28 out of   424 (7%)
      PFU registers:           28 out of   256 (11%)
      PIO registers:            0 out of   168 (0%)
   Number of SLICEs:        18 out of   128 (14%)
      SLICEs as Logic/ROM:     18 out of   128 (14%)
      SLICEs as RAM:            0 out of    96 (0%)
      SLICEs as Carry:         15 out of   128 (12%)
   Number of LUT4s:         35 out of   256 (14%)
      Number used as logic LUTs:          5
      Number used as distributed RAM:     0
      Number used as ripple logic:       30
      Number used as shift registers:     0
   Number of PIO sites used: 4 + 4(JTAG) out of 56 (14%)
   Number of block RAMs:  0 out of 0
   Number of GSRs:  0 out of 1 (0%)
   EFB used :       No
   JTAG used :      No
   Readback used :  No
   Oscillator used :  Yes
   Startup used :   No
   POR :            On
   Bandgap :        On
   Number of Power Controller:  0 out of 1 (0%)
   Number of Dynamic Bank Controller (BCINRD):  0 out of 4 (0%)
   Number of DCCA:  0 out of 8 (0%)
   Number of DCMA:  0 out of 2 (0%)
   Notes:-
      1. Total number of LUT4s = (Number of logic LUT4s) + 2*(Number of distributed RAMs) + 2*(Number of ripple logic)
      2. Number of logic LUT4s does not include count of distributed RAM and ripple logic.
   Number of clocks:  1
     Net osc_clk: 15 loads, 15 rising, 0 falling (Driver: OSCH_inst )
   Number of Clock Enables:  0
   Number of LSRs:  1
     Net n193: 15 loads, 15 LSLICEs
   Number of nets driven by tri-state buffers:  0
   Top 10 highest fanout non-clock nets:
     Net n193: 15 loads
     Net count_26: 6 loads
     Net count_27: 6 loads
     Net count_24: 2 loads
     Net count_25: 2 loads
     Net LED_c_0: 1 loads
     Net LED_c_3: 1 loads
     Net n118: 1 loads
     Net n145: 1 loads
     Net n28: 1 loads
 

   Number of warnings:  0
   Number of errors:    0



Total CPU Time: 0 secs  
Total REAL Time: 0 secs  
Peak Memory Usage: 23 MB

Dumping design to file MachXO2_blinky_impl1_map.ncd.

ncd2vdb "MachXO2_blinky_impl1_map.ncd" ".vdbs/MachXO2_blinky_impl1_map.vdb"

Loading device for application ncd2vdb from file 'xo2c256.nph' in environment: C:/lscc/diamond/3.9/ispfpga.

mpartrce -p "MachXO2_blinky_impl1.p2t" -f "MachXO2_blinky_impl1.p3t" -tf "MachXO2_blinky_impl1.pt" "MachXO2_blinky_impl1_map.ncd" "MachXO2_blinky_impl1.ncd"

---- MParTrce Tool ----
Removing old design directory at request of -rem command line option to this program.
Running par. Please wait . . .

Lattice Place and Route Report for Design "MachXO2_blinky_impl1_map.ncd"
Thu Jun 22 17:51:41 2017

PAR: Place And Route Diamond Version 3.9.0.99.2.
Command Line: par -w -l 5 -i 6 -t 1 -c 0 -e 0 -gui -msgset Z:/GitHub/PrototypeForLattice/MachXO2_blinky/promote.xml -exp parUseNBR=1:parCDP=0:parCDR=0:parPathBased=OFF MachXO2_blinky_impl1_map.ncd MachXO2_blinky_impl1.dir/5_1.ncd MachXO2_blinky_impl1.prf
Preference file: MachXO2_blinky_impl1.prf.
Placement level-cost: 5-1.
Routing Iterations: 6

Loading design for application par from file MachXO2_blinky_impl1_map.ncd.
Design name: blinky
NCD version: 3.3
Vendor:      LATTICE
Device:      LCMXO2-256HC
Package:     TQFP100
Performance: 4
Loading device for application par from file 'xo2c256.nph' in environment: C:/lscc/diamond/3.9/ispfpga.
Package Status:                     Final          Version 1.41.
Performance Hardware Data Status:   Final          Version 34.4.
License checked out.


Ignore Preference Error(s):  True
Device utilization summary:

   PIO (prelim)    4+4(JTAG)/56      14% used
                   4+4(JTAG)/56      14% bonded

   SLICE             18/128          14% used

   OSC                1/1           100% used


Number of Signals: 76
Number of Connections: 116

Pin Constraint Summary:
   4 out of 4 pins locked (100% locked).

The following 1 signal is selected to use the primary clock routing resources:
    osc_clk (driver: OSCH_inst, clk load #: 15)


The following 1 signal is selected to use the secondary clock routing resources:
    n193 (driver: SLICE_17, clk load #: 0, sr load #: 15, ce load #: 0)

No signal is selected as Global Set/Reset.
Starting Placer Phase 0.

Finished Placer Phase 0.  REAL time: 0 secs 

Starting Placer Phase 1.
...........
Placer score = 971.
Finished Placer Phase 1.  REAL time: 4 secs 

Starting Placer Phase 2.
.
Placer score =  969
Finished Placer Phase 2.  REAL time: 4 secs 


------------------ Clock Report ------------------

Global Clock Resources:
  CLK_PIN    : 0 out of 8 (0%)
  DCM        : 0 out of 2 (0%)
  DCC        : 0 out of 8 (0%)

Quadrants All (TL, TR, BL, BR) - Global Clocks:
  PRIMARY "osc_clk" from OSC on comp "OSCH_inst" on site "OSC", clk load = 15
  SECONDARY "n193" from F0 on comp "SLICE_17" on site "R2C6D", clk load = 0, ce load = 0, sr load = 15

  PRIMARY  : 1 out of 8 (12%)
  SECONDARY: 1 out of 8 (12%)

--------------- End of Clock Report ---------------


I/O Usage Summary (final):
   4 + 4(JTAG) out of 56 (14.3%) PIO sites used.
   4 + 4(JTAG) out of 56 (14.3%) bonded PIO sites used.
   Number of PIO comps: 4; differential: 0.
   Number of Vref pins used: 0.

I/O Bank Usage Summary:
+----------+---------------+------------+-----------+
| I/O Bank | Usage         | Bank Vccio | Bank Vref |
+----------+---------------+------------+-----------+
| 0        | 4 / 14 ( 28%) | 3.3V       | -         |
| 1        | 0 / 14 (  0%) | -          | -         |
| 2        | 0 / 14 (  0%) | -          | -         |
| 3        | 0 / 14 (  0%) | -          | -         |
+----------+---------------+------------+-----------+

Total placer CPU time: 3 secs 

Dumping design to file MachXO2_blinky_impl1.dir/5_1.ncd.

0 connections routed; 116 unrouted.
Starting router resource preassignment

Completed router resource preassignment. Real time: 4 secs 

Start NBR router at 17:51:45 06/22/17

*****************************************************************
Info: NBR allows conflicts(one node used by more than one signal)
      in the earlier iterations. In each iteration, it tries to  
      solve the conflicts while keeping the critical connections 
      routed as short as possible. The routing process is said to
      be completed when no conflicts exist and all connections   
      are routed.                                                
Note: NBR uses a different method to calculate timing slacks. The
      worst slack and total negative slack may not be the same as
      that in TRCE report. You should always run TRCE to verify  
      your design.                                               
*****************************************************************

Start NBR special constraint process at 17:51:45 06/22/17

Start NBR section for initial routing at 17:51:45 06/22/17
Level 1, iteration 1
0(0.00%) conflict; 42(36.21%) untouched conns; 0 (nbr) score; 
Estimated worst slack/total negative slack<setup>: 2.419ns/0.000ns; real time: 4 secs 
Level 2, iteration 1
0(0.00%) conflict; 40(34.48%) untouched conns; 0 (nbr) score; 
Estimated worst slack/total negative slack<setup>: 2.581ns/0.000ns; real time: 4 secs 
Level 3, iteration 1
0(0.00%) conflict; 13(11.21%) untouched conns; 0 (nbr) score; 
Estimated worst slack/total negative slack<setup>: 2.665ns/0.000ns; real time: 4 secs 
Level 4, iteration 1
0(0.00%) conflict; 0(0.00%) untouched conn; 0 (nbr) score; 
Estimated worst slack/total negative slack<setup>: 2.665ns/0.000ns; real time: 4 secs 

Info: Initial congestion level at 75% usage is 0
Info: Initial congestion area  at 75% usage is 0 (0.00%)

Start NBR section for normal routing at 17:51:45 06/22/17
Level 1, iteration 1
0(0.00%) conflict; 0(0.00%) untouched conn; 0 (nbr) score; 
Estimated worst slack/total negative slack<setup>: 2.665ns/0.000ns; real time: 4 secs 
Level 4, iteration 1
0(0.00%) conflict; 0(0.00%) untouched conn; 0 (nbr) score; 
Estimated worst slack/total negative slack<setup>: 2.665ns/0.000ns; real time: 4 secs 

Start NBR section for setup/hold timing optimization with effort level 3 at 17:51:45 06/22/17

Start NBR section for re-routing at 17:51:45 06/22/17
Level 4, iteration 1
0(0.00%) conflict; 0(0.00%) untouched conn; 0 (nbr) score; 
Estimated worst slack/total negative slack<setup>: 2.665ns/0.000ns; real time: 4 secs 

Start NBR section for post-routing at 17:51:45 06/22/17

End NBR router with 0 unrouted connection

NBR Summary
-----------
  Number of unrouted connections : 0 (0.00%)
  Number of connections with timing violations : 0 (0.00%)
  Estimated worst slack<setup> : 2.665ns
  Timing score<setup> : 0
-----------
Notes: The timing info is calculated for SETUP only and all PAR_ADJs are ignored.



Total CPU time 4 secs 
Total REAL time: 5 secs 
Completely routed.
End of route.  116 routed (100.00%); 0 unrouted.

Hold time timing score: 0, hold timing errors: 0

Timing score: 0 

Dumping design to file MachXO2_blinky_impl1.dir/5_1.ncd.


PAR_SUMMARY::Run status = completed
PAR_SUMMARY::Number of unrouted conns = 0
PAR_SUMMARY::Worst  slack<setup/<ns>> = 2.665
PAR_SUMMARY::Timing score<setup/<ns>> = 0.000
PAR_SUMMARY::Worst  slack<hold /<ns>> = 0.377
PAR_SUMMARY::Timing score<hold /<ns>> = 0.000
PAR_SUMMARY::Number of errors = 0

Total CPU  time to completion: 4 secs 
Total REAL time to completion: 5 secs 

par done!

Copyright (c) 1991-1994 by NeoCAD Inc. All rights reserved.
Copyright (c) 1995 AT&T Corp.   All rights reserved.
Copyright (c) 1995-2001 Lucent Technologies Inc.  All rights reserved.
Copyright (c) 2001 Agere Systems   All rights reserved.
Copyright (c) 2002-2017 Lattice Semiconductor Corporation,  All rights reserved.
Exiting par with exit code 0
Exiting mpartrce with exit code 0

bitgen -f "MachXO2_blinky_impl1.t2b" -w "MachXO2_blinky_impl1.ncd" -jedec "MachXO2_blinky_impl1.prf"


BITGEN: Bitstream Generator Diamond Version 3.9.0.99.2
Copyright (c) 1991-1994 by NeoCAD Inc. All rights reserved.
Copyright (c) 1995 AT&T Corp.   All rights reserved.
Copyright (c) 1995-2001 Lucent Technologies Inc.  All rights reserved.
Copyright (c) 2001 Agere Systems   All rights reserved.
Copyright (c) 2002-2017 Lattice Semiconductor Corporation,  All rights reserved.


Loading design for application Bitgen from file MachXO2_blinky_impl1.ncd.
Design name: blinky
NCD version: 3.3
Vendor:      LATTICE
Device:      LCMXO2-256HC
Package:     TQFP100
Performance: 4
Loading device for application Bitgen from file 'xo2c256.nph' in environment: C:/lscc/diamond/3.9/ispfpga.
Package Status:                     Final          Version 1.41.
Performance Hardware Data Status:   Final          Version 34.4.

Running DRC.
DRC detected 0 errors and 0 warnings.
Reading Preference File from MachXO2_blinky_impl1.prf.

Preference Summary:
+---------------------------------+---------------------------------+
|  Preference                     |  Current Setting                |
+---------------------------------+---------------------------------+
|                         RamCfg  |                        Reset**  |
+---------------------------------+---------------------------------+
|                     MCCLK_FREQ  |                         2.08**  |
+---------------------------------+---------------------------------+
|                  CONFIG_SECURE  |                          OFF**  |
+---------------------------------+---------------------------------+
|                          INBUF  |                           ON**  |
+---------------------------------+---------------------------------+
|                      JTAG_PORT  |                       ENABLE**  |
+---------------------------------+---------------------------------+
|                       SDM_PORT  |                      DISABLE**  |
+---------------------------------+---------------------------------+
|                 SLAVE_SPI_PORT  |                      DISABLE**  |
+---------------------------------+---------------------------------+
|                MASTER_SPI_PORT  |                      DISABLE**  |
+---------------------------------+---------------------------------+
|                       I2C_PORT  |                      DISABLE**  |
+---------------------------------+---------------------------------+
|        MUX_CONFIGURATION_PORTS  |                      DISABLE**  |
+---------------------------------+---------------------------------+
|                  CONFIGURATION  |                          CFG**  |
+---------------------------------+---------------------------------+
|                COMPRESS_CONFIG  |                           ON**  |
+---------------------------------+---------------------------------+
|                        MY_ASSP  |                          OFF**  |
+---------------------------------+---------------------------------+
|               ONE_TIME_PROGRAM  |                          OFF**  |
+---------------------------------+---------------------------------+
|                 ENABLE_TRANSFR  |                      DISABLE**  |
+---------------------------------+---------------------------------+
|                  SHAREDEBRINIT  |                      DISABLE**  |
+---------------------------------+---------------------------------+
|            BACKGROUND_RECONFIG  |                          OFF**  |
+---------------------------------+---------------------------------+
 *  Default setting.
 ** The specified setting matches the default setting.


Creating bit map...
 
Bitstream Status: Final           Version 1.94.
 
Saving bit stream in "MachXO2_blinky_impl1.jed".
