
            Lattice Mapping Report File for Design Module 'blinky'


Design Information
------------------

Command line:   map -a MachXO2 -p LCMXO2-256HC -t TQFP100 -s 4 -oc Commercial
     MachXO2_blinky_impl1.ngd -o MachXO2_blinky_impl1_map.ncd -pr
     MachXO2_blinky_impl1.prf -mp MachXO2_blinky_impl1.mrp -lpf Z:/GitHub/Protot
     ypeForLattice/MachXO2_blinky/impl1/MachXO2_blinky_impl1.lpf -lpf
     Z:/GitHub/PrototypeForLattice/MachXO2_blinky/MachXO2_blinky.lpf -c 0 -gui
     -msgset Z:/GitHub/PrototypeForLattice/MachXO2_blinky/promote.xml 
Target Vendor:  LATTICE
Target Device:  LCMXO2-256HCTQFP100
Target Performance:   4
Mapper:  xo2c00,  version:  Diamond Version 3.9.0.99.2
Mapped on:  06/22/17  17:51:41

Design Summary
--------------

   Number of registers:     28 out of   424 (7%)
      PFU registers:           28 out of   256 (11%)
      PIO registers:            0 out of   168 (0%)
   Number of SLICEs:        18 out of   128 (14%)
      SLICEs as Logic/ROM:     18 out of   128 (14%)
      SLICEs as RAM:            0 out of    96 (0%)
      SLICEs as Carry:         15 out of   128 (12%)
   Number of LUT4s:         35 out of   256 (14%)
      Number used as logic LUTs:          5
      Number used as distributed RAM:     0
      Number used as ripple logic:       30
      Number used as shift registers:     0
   Number of PIO sites used: 4 + 4(JTAG) out of 56 (14%)
   Number of block RAMs:  0 out of 0
   Number of GSRs:  0 out of 1 (0%)
   EFB used :       No
   JTAG used :      No
   Readback used :  No
   Oscillator used :  Yes
   Startup used :   No
   POR :            On
   Bandgap :        On
   Number of Power Controller:  0 out of 1 (0%)
   Number of Dynamic Bank Controller (BCINRD):  0 out of 4 (0%)
   Number of DCCA:  0 out of 8 (0%)
   Number of DCMA:  0 out of 2 (0%)
   Notes:-
      1. Total number of LUT4s = (Number of logic LUT4s) + 2*(Number of
     distributed RAMs) + 2*(Number of ripple logic)
      2. Number of logic LUT4s does not include count of distributed RAM and
     ripple logic.
   Number of clocks:  1
     Net osc_clk: 15 loads, 15 rising, 0 falling (Driver: OSCH_inst )
   Number of Clock Enables:  0
   Number of LSRs:  1
     Net n193: 15 loads, 15 LSLICEs
   Number of nets driven by tri-state buffers:  0
   Top 10 highest fanout non-clock nets:
     Net n193: 15 loads
     Net count_26: 6 loads

                                    Page 1




Design:  blinky                                        Date:  06/22/17  17:51:41

Design Summary (cont)
---------------------
     Net count_27: 6 loads
     Net count_24: 2 loads
     Net count_25: 2 loads
     Net LED_c_0: 1 loads
     Net LED_c_3: 1 loads
     Net n118: 1 loads
     Net n145: 1 loads
     Net n28: 1 loads




   Number of warnings:  0
   Number of errors:    0
     

Design Errors/Warnings
----------------------

   No errors or warnings present.

IO (PIO) Attributes
-------------------

+---------------------+-----------+-----------+------------+
| IO Name             | Direction | Levelmode | IO         |
|                     |           |  IO_TYPE  | Register   |
+---------------------+-----------+-----------+------------+
| LED[3]              | OUTPUT    | LVCMOS33  |            |
+---------------------+-----------+-----------+------------+
| LED[2]              | OUTPUT    | LVCMOS33  |            |
+---------------------+-----------+-----------+------------+
| LED[1]              | OUTPUT    | LVCMOS33  |            |
+---------------------+-----------+-----------+------------+
| LED[0]              | OUTPUT    | LVCMOS33  |            |
+---------------------+-----------+-----------+------------+

Removed logic
-------------

Block i2 undriven or does not drive anything - clipped.
Block GSR_INST undriven or does not drive anything - clipped.
Signal GND_net undriven or does not drive anything - clipped.
Signal VCC_net undriven or does not drive anything - clipped.
Signal count_19_add_4_1/S0 undriven or does not drive anything - clipped.
Signal count_19_add_4_1/CI undriven or does not drive anything - clipped.
Signal count_19_add_4_29/S1 undriven or does not drive anything - clipped.
Signal count_19_add_4_29/CO undriven or does not drive anything - clipped.
Block i1 was optimized away.

Memory Usage
------------


     


                                    Page 2




Design:  blinky                                        Date:  06/22/17  17:51:41

OSC Summary
-----------

OSC 1:                                     Pin/Node Value
  OSC Instance Name:                                OSCH_inst
  OSC Type:                                         OSCH
  STDBY Input:                                      NONE
  OSC Output:                              NODE     osc_clk
  OSC Nominal Frequency (MHz):                      133.00

ASIC Components
---------------

Instance Name: OSCH_inst
         Type: OSCH

Run Time and Memory Usage
-------------------------

   Total CPU Time: 0 secs  
   Total REAL Time: 0 secs  
   Peak Memory Usage: 23 MB
        




































                                    Page 3


Copyright (c) 1991-1994 by NeoCAD Inc. All rights reserved.
     Copyright (c) 1995 AT&T Corp.   All rights reserved.
     Copyright (c) 1995-2001 Lucent Technologies Inc.  All rights reserved.
     Copyright (c) 2001 Agere Systems   All rights reserved.
     Copyright (c) 2002-2017 Lattice Semiconductor Corporation,  All rights
     reserved.
